#
# There is insufficient memory for the Java Runtime Environment to continue.
# Native memory allocation (malloc) failed to allocate 1048576 bytes for AllocateHeap
# Possible reasons:
#   The system is out of physical RAM or swap space
#   The process is running with CompressedOops enabled, and the Java Heap may be blocking the growth of the native heap
# Possible solutions:
#   Reduce memory load on the system
#   Increase physical memory or swap space
#   Check if swap backing store is full
#   Decrease Java heap size (-Xmx/-Xms)
#   Decrease number of Java threads
#   Decrease Java thread stack sizes (-Xss)
#   Set larger code cache with -XX:ReservedCodeCacheSize=
#   JVM is running with Zero Based Compressed Oops mode in which the Java heap is
#     placed in the first 32GB address space. The Java Heap base address is the
#     maximum limit for the native heap growth. Please use -XX:HeapBaseMinAddress
#     to set the Java Heap base and to place the Java Heap above 32GB virtual address.
# This output file may be truncated or incomplete.
#
#  Out of Memory Error (memory/allocation.inline.hpp:61), pid=43432, tid=0x00000000000091bc
#
# JRE version:  (8.0_462-b08) (build )
# Java VM: OpenJDK 64-Bit Server VM (25.462-b08 mixed mode windows-amd64 compressed oops)
# Failed to write core dump. Minidumps are not enabled by default on client versions of Windows
#

---------------  T H R E A D  ---------------

Current thread (0x0000022659a20800):  JavaThread "Unknown thread" [_thread_in_vm, id=37308, stack(0x0000006762500000,0x0000006762600000)]

Stack: [0x0000006762500000,0x0000006762600000]
[error occurred during error reporting (printing stack bounds), id 0xc0000005]

Native frames: (J=compiled Java code, j=interpreted, Vv=VM code, C=native code)


---------------  P R O C E S S  ---------------

Java Threads: ( => current thread )

Other Threads:

=>0x0000022659a20800 (exited) JavaThread "Unknown thread" [_thread_in_vm, id=37308, stack(0x0000006762500000,0x0000006762600000)]

VM state:not at safepoint (normal execution)

VM Mutex/Monitor currently owned by a thread: None

heap address: 0x00000006c5800000, size: 4008 MB, Compressed Oops mode: Zero based, Oop shift amount: 3
Narrow klass base: 0x0000000000000000, Narrow klass shift: 3
Compressed class space size: 1073741824 Address: 0x00000007c0000000

Heap:
 PSYoungGen      total 75264K, used 1290K [0x000000076c800000, 0x0000000771c00000, 0x00000007c0000000)
  eden space 64512K, 2% used [0x000000076c800000,0x000000076c942900,0x0000000770700000)
  from space 10752K, 0% used [0x0000000771180000,0x0000000771180000,0x0000000771c00000)
  to   space 10752K, 0% used [0x0000000770700000,0x0000000770700000,0x0000000771180000)
 ParOldGen       total 172032K, used 0K [0x00000006c5800000, 0x00000006d0000000, 0x000000076c800000)
  object space 172032K, 0% used [0x00000006c5800000,0x00000006c5800000,0x00000006d0000000)
 Metaspace       used 779K, capacity 4480K, committed 4480K, reserved 1056768K
  class space    used 76K, capacity 384K, committed 384K, reserved 1048576K

Card table byte_map: [0x000002266a8f0000,0x000002266b0d0000] byte_map_base: 0x00000226672c4000

Marking Bits: (ParMarkBitMap*) 0x00000000660648d0
 Begin Bits: [0x000002266b610000, 0x000002266f4b0000)
 End Bits:   [0x000002266f4b0000, 0x0000022673350000)

Polling page: 0x00000226599a0000

CodeCache: size=245760Kb used=328Kb max_used=328Kb free=245431Kb
 bounds [0x000002265b530000, 0x000002265b7a0000, 0x000002266a530000]
 total_blobs=57 nmethods=0 adapters=38
 compilation: enabled

Compilation events (0 events):
No events

GC Heap History (0 events):
No events

Deoptimization events (0 events):
No events

Classes redefined (0 events):
No events

Internal exceptions (0 events):
No events

Events (10 events):
Event: 0.020 loading class java/lang/Short
Event: 0.020 loading class java/lang/Short done
Event: 0.020 loading class java/lang/Integer
Event: 0.020 loading class java/lang/Integer done
Event: 0.020 loading class java/lang/Long
Event: 0.020 loading class java/lang/Long done
Event: 0.020 loading class java/lang/NullPointerException
Event: 0.020 loading class java/lang/NullPointerException done
Event: 0.020 loading class java/lang/ArithmeticException
Event: 0.020 loading class java/lang/ArithmeticException done


Dynamic libraries:
0x00007ff7daec0000 - 0x00007ff7daf06000 	C:\Users\21012\.jdks\corretto-1.8.0_462\bin\java.exe
0x00007ffc4be60000 - 0x00007ffc4c0c9000 	C:\WINDOWS\SYSTEM32\ntdll.dll
0x00007ffc4af10000 - 0x00007ffc4afd9000 	C:\WINDOWS\System32\KERNEL32.DLL
0x00007ffc49700000 - 0x00007ffc49af3000 	C:\WINDOWS\System32\KERNELBASE.dll
0x00007ffc4bbe0000 - 0x00007ffc4bc94000 	C:\WINDOWS\System32\ADVAPI32.dll
0x00007ffc49c40000 - 0x00007ffc49ce9000 	C:\WINDOWS\System32\msvcrt.dll
0x00007ffc4ae20000 - 0x00007ffc4aec6000 	C:\WINDOWS\System32\sechost.dll
0x00007ffc4a4c0000 - 0x00007ffc4a5d8000 	C:\WINDOWS\System32\RPCRT4.dll
0x00007ffc4ac50000 - 0x00007ffc4ae14000 	C:\WINDOWS\System32\USER32.dll
0x00007ffc49160000 - 0x00007ffc49187000 	C:\WINDOWS\System32\win32u.dll
0x00007ffc4bba0000 - 0x00007ffc4bbcb000 	C:\WINDOWS\System32\GDI32.dll
0x00007ffc49b00000 - 0x00007ffc49c2d000 	C:\WINDOWS\System32\gdi32full.dll
0x00007ffc49220000 - 0x00007ffc492c3000 	C:\WINDOWS\System32\msvcp_win.dll
0x00007ffc49450000 - 0x00007ffc4959b000 	C:\WINDOWS\System32\ucrtbase.dll
0x00007ffc269b0000 - 0x00007ffc26c43000 	C:\WINDOWS\WinSxS\amd64_microsoft.windows.common-controls_6595b64144ccf1df_6.0.26100.5074_none_3e0d6f78e32fd63f\COMCTL32.dll
0x00007ffc4aed0000 - 0x00007ffc4aeff000 	C:\WINDOWS\System32\IMM32.DLL
0x00007ffc3f710000 - 0x00007ffc3f725000 	C:\Users\21012\.jdks\corretto-1.8.0_462\jre\bin\vcruntime140.dll
0x00007ffc0f5f0000 - 0x00007ffc0f68b000 	C:\Users\21012\.jdks\corretto-1.8.0_462\jre\bin\msvcp140.dll
0x0000000065880000 - 0x00000000660dd000 	C:\Users\21012\.jdks\corretto-1.8.0_462\jre\bin\server\jvm.dll
0x00007ffc4bbd0000 - 0x00007ffc4bbd8000 	C:\WINDOWS\System32\PSAPI.DLL
0x00007ffc22370000 - 0x00007ffc2237a000 	C:\WINDOWS\SYSTEM32\WSOCK32.dll
0x00007ffc3a440000 - 0x00007ffc3a475000 	C:\WINDOWS\SYSTEM32\WINMM.dll
0x00007ffc4b470000 - 0x00007ffc4b4e4000 	C:\WINDOWS\System32\WS2_32.dll
0x00007ffc3e4a0000 - 0x00007ffc3e4ab000 	C:\WINDOWS\SYSTEM32\VERSION.dll
0x00007ffc47dd0000 - 0x00007ffc47deb000 	C:\WINDOWS\SYSTEM32\kernel.appcore.dll
0x00007ffc3f6f0000 - 0x00007ffc3f700000 	C:\Users\21012\.jdks\corretto-1.8.0_462\jre\bin\verify.dll
0x00007ffc28d60000 - 0x00007ffc28d8b000 	C:\Users\21012\.jdks\corretto-1.8.0_462\jre\bin\java.dll
0x00007ffc0cc40000 - 0x00007ffc0cc72000 	C:\Users\21012\.jdks\corretto-1.8.0_462\jre\bin\instrument.dll
0x00007ffc3a680000 - 0x00007ffc3a698000 	C:\Users\21012\.jdks\corretto-1.8.0_462\jre\bin\zip.dll

VM Arguments:
jvm_args: -XX:TieredStopAtLevel=1 -Xverify:none -Dspring.output.ansi.enabled=always -Dcom.sun.management.jmxremote -Dspring.jmx.enabled=true -Dspring.liveBeansView.mbeanDomain -Dspring.application.admin.enabled=true -Dmanagement.endpoints.jmx.exposure.include=* -javaagent:D:\IntelliJ IDEA 2025.2.1\lib\idea_rt.jar=65500 -Dfile.encoding=UTF-8 
java_command: org.example.waf.WafApplication
java_class_path (initial): C:\Users\21012\.jdks\corretto-1.8.0_462\jre\lib\charsets.jar;C:\Users\21012\.jdks\corretto-1.8.0_462\jre\lib\ext\access-bridge-64.jar;C:\Users\21012\.jdks\corretto-1.8.0_462\jre\lib\ext\cldrdata.jar;C:\Users\21012\.jdks\corretto-1.8.0_462\jre\lib\ext\dnsns.jar;C:\Users\21012\.jdks\corretto-1.8.0_462\jre\lib\ext\jaccess.jar;C:\Users\21012\.jdks\corretto-1.8.0_462\jre\lib\ext\jfxrt.jar;C:\Users\21012\.jdks\corretto-1.8.0_462\jre\lib\ext\localedata.jar;C:\Users\21012\.jdks\corretto-1.8.0_462\jre\lib\ext\nashorn.jar;C:\Users\21012\.jdks\corretto-1.8.0_462\jre\lib\ext\sunec.jar;C:\Users\21012\.jdks\corretto-1.8.0_462\jre\lib\ext\sunjce_provider.jar;C:\Users\21012\.jdks\corretto-1.8.0_462\jre\lib\ext\sunmscapi.jar;C:\Users\21012\.jdks\corretto-1.8.0_462\jre\lib\ext\sunpkcs11.jar;C:\Users\21012\.jdks\corretto-1.8.0_462\jre\lib\ext\zipfs.jar;C:\Users\21012\.jdks\corretto-1.8.0_462\jre\lib\jce.jar;C:\Users\21012\.jdks\corretto-1.8.0_462\jre\lib\jfr.jar;C:\Users\21012\.jdks\corretto-1.8.0_462\jre\lib\jfxswt.jar;C:\Users\21012\.jdks\corretto-1.8.0_462\jre\lib\jsse.jar;C:\Users\21012\.jdks\corretto-1.8.0_462\jre\lib\management-agent.jar;C:\Users\21012\.jdks\corretto-1.8.0_462\jre\lib\resources.jar;C:\Users\21012\.jdks\corretto-1.8.0_462\jre\lib\rt.jar;E:\WAF\后端\target\classes;C:\Users\21012\.m2\repository\org\springframework\boot\spring-boot-starter-web\2.6.13\spring-boot-starter-web-2.6.13.jar;C:\Users\21012\.m2\repository\org\springframework\boot\spring-boot-starter\2.6.13\spring-boot-starter-2.6.13.jar;C:\Users\21012\.m2\repository\org\springframework\boot\spring-boot\2.6.13\spring-boot-2.6.13.jar;C:\Users\21012\.m2\repository\org\springframework\boot\spring-boot-autoconfigure\2.6.13\spring-boot-autoconfigure-2.6.13.jar;C:\Users\21012\.m2\repository\org\springframework\boot\spring-boot-starter-logging\2.6.13\spring-boot-starter-logging-2.6.13.jar;C:\Users\21012\.m2\repository\ch\qos\logback\logback-classic\1.2.11\logback-classic-1.2.11.jar;C:\U
Launcher Type: SUN_STANDARD

Environment Variables:
JAVA_HOME=C:\Program Files\Java\jdk-23
PATH=C:\Program Files\Common Files\Oracle\Java\javapath;C:\Program Files (x86)\VMware\VMware Workstation\bin\;C:\Program Files\Java\jdk-23/bin;C:\WINDOWS\system32;C:\WINDOWS;C:\WINDOWS\System32\Wbem;C:\WINDOWS\System32\WindowsPowerShell\v1.0\;C:\WINDOWS\System32\OpenSSH\;C:\Users\21012\mingw64\bin;C:\Program Files (x86)\NetSarang\Xshell 8\;C:\Users\21012\Downloads\pycharm-community-2024.3.exe;E:\微信开发者\微信web开发者工具\dll;C:\Program;iles\PuTTY\;%CATALINA_HOME%\bin;%CATALINA_HOME%\lib;D:\nodejs\;D:\nodejs\node_global;C:\Program Files\Git\cmd;C:\Program Files\MySQL\MySQL Server 9.4\bin;C:\Users\21012\AppData\Local\Programs\Python\Launcher\;C:\Users\21012\AppData\Local\Microsoft\WindowsApps;D:\Microsoft VS Code\bin;C:\Program Files\JetBrains\PyCharm Community Edition 2024.3\bin;;C:\Users\21012\AppData\Roaming\npm;D:\IntelliJ IDEA 2025.2.1\bin
USERNAME=21012
OS=Windows_NT
PROCESSOR_IDENTIFIER=Intel64 Family 6 Model 186 Stepping 2, GenuineIntel



---------------  S Y S T E M  ---------------

OS: Windows 11 , 64 bit Build 26100 (10.0.26100.5074)

CPU:total 16 (initial active 16) (8 cores per cpu, 2 threads per core) family 6 model 186 stepping 2, cmov, cx8, fxsr, mmx, sse, sse2, sse3, ssse3, sse4.1, sse4.2, popcnt, avx, avx2, aes, clmul, erms, 3dnowpref, lzcnt, ht, tsc, tscinvbit, bmi1, bmi2, adx

Memory: 4k page, physical 16408932k(774804k free), swap 36069728k(15260k free)

vm_info: OpenJDK 64-Bit Server VM (25.462-b08) for windows-amd64 JRE (1.8.0_462-b08), built on Jul 10 2025 21:31:50 by "Administrator" with MS VC++ 15.9 (VS2017)

time: Mon Oct 13 14:36:12 2025
timezone: Intel64 Family 6 Model 186 Stepping 2, GenuineIntel
elapsed time: 1.042577 seconds (0d 0h 0m 1s)

